<?xml version="1.0" encoding="UTF-8"?>
<!-- Generated by org.testng.reporters.JUnitReportReporter -->
<testsuite hostname="HP-Laptop-22" failures="0" tests="4" name="Testng_Framework.Annotation2" time="0.233" errors="0" timestamp="2024-11-28T17:08:37 IST" skipped="0">
  <testcase classname="Testng_Framework.Annotation2" name="login" time="0.150"/>
  <testcase classname="Testng_Framework.Annotation2" name="addtocart" time="0.028"/>
  <testcase classname="Testng_Framework.Annotation2" name="Payment" time="0.004"/>
  <testcase classname="Testng_Framework.Annotation2" name="Logout" time="0.051"/>
</testsuite> <!-- Testng_Framework.Annotation2 -->
