<?xml version="1.0" encoding="UTF-8"?>
<!-- Generated by org.testng.reporters.JUnitReportReporter -->
<testsuite hostname="HP-Laptop-22" failures="0" tests="2" name="Testng_Framework.Annotation3" time="0.020" errors="0" timestamp="2024-11-27T19:56:57 IST" skipped="0">
  <testcase classname="Testng_Framework.Annotation3" name="Amzlogin" time="0.016"/>
  <testcase classname="Testng_Framework.Annotation3" name="Amzaddtocart" time="0.004"/>
</testsuite> <!-- Testng_Framework.Annotation3 -->
