<?xml version="1.0" encoding="UTF-8"?>
<!-- Generated by org.testng.reporters.JUnitReportReporter -->
<testsuite hostname="HP-Laptop-22" failures="0" tests="3" name="Cucumber2.testrunner" time="20.655" errors="0" timestamp="2024-11-30T18:10:35 IST" skipped="0">
  <testcase classname="Cucumber2.testrunner" name="runScenario" time="8.912"/>
  <testcase classname="Cucumber2.testrunner" name="runScenario" time="5.280"/>
  <testcase classname="Cucumber2.testrunner" name="runScenario" time="6.463"/>
</testsuite> <!-- Cucumber2.testrunner -->
