<?xml version="1.0" encoding="UTF-8"?>
<!-- Generated by org.testng.reporters.JUnitReportReporter -->
<testsuite hostname="HP-Laptop-22" failures="0" tests="2" name="Testng_Framework.Grouping" time="38.054" errors="0" timestamp="2024-11-28T17:39:23 IST" skipped="0">
  <testcase classname="Testng_Framework.Grouping" name="newpage" time="7.241"/>
  <testcase classname="Testng_Framework.Grouping" name="verifyHomepageTitle" time="30.813"/>
</testsuite> <!-- Testng_Framework.Grouping -->
