<?xml version="1.0" encoding="UTF-8"?>
<!-- Generated by org.testng.reporters.JUnitReportReporter -->
<testsuite hostname="HP-Laptop-22" failures="0" tests="2" name="Testng_Framework.Annotations" time="0.019" errors="0" timestamp="2024-11-29T16:32:16 IST" skipped="0">
  <testcase classname="Testng_Framework.Annotations" name="m21" time="0.009"/>
  <testcase classname="Testng_Framework.Annotations" name="m2" time="0.010"/>
</testsuite> <!-- Testng_Framework.Annotations -->
